0 info it worked if it ends with ok
1 verbose cli [ '/usr/local/bin/node', '/usr/local/bin/npm', 'run', 'scripts' ]
2 info using npm@3.10.3
3 info using node@v6.6.0
4 verbose run-script [ 'prescripts', 'scripts', 'postscripts' ]
5 info lifecycle scripts@1.0.0~prescripts: scripts@1.0.0
6 silly lifecycle scripts@1.0.0~prescripts: no script for prescripts, continuing
7 info lifecycle scripts@1.0.0~scripts: scripts@1.0.0
8 verbose lifecycle scripts@1.0.0~scripts: unsafe-perm in lifecycle true
9 verbose lifecycle scripts@1.0.0~scripts: PATH: /usr/local/lib/node_modules/npm/bin/node-gyp-bin:/Users/joseba/Desktop/Desarrollo/swQuiz/src/node_modules/.bin:/usr/local/bin:/Users/joseba/Desktop/mongodb/bin:/Applications/MAMP/bin/php/php7.0.10/bin:/Library/Frameworks/Python.framework/Versions/3.4/bin:/usr/local/bin:/usr/bin:/bin:/usr/sbin:/sbin:/Library/Frameworks/Mono.framework/Versions/Current/Commands:/Users/joseba/.composer/vendor/bin:/usr/local/mysql/bin
10 verbose lifecycle scripts@1.0.0~scripts: CWD: /Users/joseba/Desktop/Desarrollo/swQuiz/src
11 silly lifecycle scripts@1.0.0~scripts: Args: [ '-c',
11 silly lifecycle   'babel --presets es2015 ./scripts/main.js --out-file ../app/script/bundle.js' ]
12 silly lifecycle scripts@1.0.0~scripts: Returned: code: 2  signal: null
13 info lifecycle scripts@1.0.0~scripts: Failed to exec scripts script
14 verbose stack Error: scripts@1.0.0 scripts: `babel --presets es2015 ./scripts/main.js --out-file ../app/script/bundle.js`
14 verbose stack Exit status 2
14 verbose stack     at EventEmitter.<anonymous> (/usr/local/lib/node_modules/npm/lib/utils/lifecycle.js:242:16)
14 verbose stack     at emitTwo (events.js:106:13)
14 verbose stack     at EventEmitter.emit (events.js:191:7)
14 verbose stack     at ChildProcess.<anonymous> (/usr/local/lib/node_modules/npm/lib/utils/spawn.js:40:14)
14 verbose stack     at emitTwo (events.js:106:13)
14 verbose stack     at ChildProcess.emit (events.js:191:7)
14 verbose stack     at maybeClose (internal/child_process.js:877:16)
14 verbose stack     at Process.ChildProcess._handle.onexit (internal/child_process.js:226:5)
15 verbose pkgid scripts@1.0.0
16 verbose cwd /Users/joseba/Desktop/Desarrollo/swQuiz/src
17 error Darwin 16.5.0
18 error argv "/usr/local/bin/node" "/usr/local/bin/npm" "run" "scripts"
19 error node v6.6.0
20 error npm  v3.10.3
21 error code ELIFECYCLE
22 error scripts@1.0.0 scripts: `babel --presets es2015 ./scripts/main.js --out-file ../app/script/bundle.js`
22 error Exit status 2
23 error Failed at the scripts@1.0.0 scripts script 'babel --presets es2015 ./scripts/main.js --out-file ../app/script/bundle.js'.
23 error Make sure you have the latest version of node.js and npm installed.
23 error If you do, this is most likely a problem with the scripts package,
23 error not with npm itself.
23 error Tell the author that this fails on your system:
23 error     babel --presets es2015 ./scripts/main.js --out-file ../app/script/bundle.js
23 error You can get information on how to open an issue for this project with:
23 error     npm bugs scripts
23 error Or if that isn't available, you can get their info via:
23 error     npm owner ls scripts
23 error There is likely additional logging output above.
24 verbose exit [ 1, true ]
